Hmm ... looks like a package
Converting parsed Rd's to LaTeX ..
Creating pdf output from LaTeX ...
Error in texi2dvi(file = file, pdf = TRUE, clean = clean, quiet = quiet,  : 
  Running 'texi2dvi' on 'Rd2.tex' failed.
Messages:
/opt/R/arm64/bin/texi2dvi: makeindex failed
Output:
This is pdfTeX, Version 3.141592653-2.6-1.40.28 (TeX Live 2025) (preloaded format=pdflatex)
 restricted \write18 enabled.
entering extended mode
LaTeX2e <2025-06-01> patch level 1
L3 programming layer <2025-08-13>
(./Rd2.tex
(/Users/clairedonnat/Library/TinyTeX/texmf-dist/tex/latex/base/book.cls
Document Class: book 2025/01/22 v1.4n Standard LaTeX document class
(/Users/clairedonnat/Library/TinyTeX/texmf-dist/tex/latex/base/bk10.clo)) (/Library/Frameworks/R.framework/Resources/share/texmf/tex/latex/Rd.sty (/Users/clairedonnat/Library/TinyTeX/texmf-dist/tex/latex/base/ifthen.sty) (/Users/clairedonnat/Library/TinyTeX/texmf-dist/tex/generic/iftex/iftex.sty) (/Users/clairedonnat/Library/TinyTeX/texmf-dist/tex/latex/tools/longtable.sty) (/Users/clairedonnat/Library/TinyTeX/texmf-dist/tex/latex/tools/bm.sty) (/Users/clairedonnat/Library/TinyTeX/texmf-dist/tex/latex/base/alltt.sty) (/Users/clairedonnat/Library/TinyTeX/texmf-dist/tex/latex/tools/verbatim.sty) (/Users/clairedonnat/Library/TinyTeX/texmf-dist/tex/latex/url/url.sty) (/Users/clairedonnat/Library/TinyTeX/texmf-dist/tex/latex/base/textcomp.sty) (/Users/clairedonnat/Library/TinyTeX/texmf-dist/tex/latex/amsmath/amsmath.sty
For additional information on amsmath, use the `?' option.
(/Users/clairedonnat/Library/TinyTeX/texmf-dist/tex/latex/amsmath/amstext.sty (/Users/clairedonnat/Library/TinyTeX/texmf-dist/tex/latex/amsmath/amsgen.sty)) (/Users/clairedonnat/Library/TinyTeX/texmf-dist/tex/latex/amsmath/amsbsy.sty) (/Users/clairedonnat/Library/TinyTeX/texmf-dist/tex/latex/amsmath/amsopn.sty)) (/Users/clairedonnat/Library/TinyTeX/texmf-dist/tex/latex/amsfonts/amsfonts.sty) (/Users/clairedonnat/Library/TinyTeX/texmf-dist/tex/latex/amsfonts/amssymb.sty) (/Users/clairedonnat/Library/TinyTeX/texmf-dist/tex/latex/amsfonts/eucal.sty) (/Users/clairedonnat/Library/TinyTeX/texmf-dist/tex/latex/base/fontenc.sty) (/Users/clairedonnat/Library/TinyTeX/texmf-dist/tex/latex/psnfss/times.sty) (/Users/clairedonnat/Library/TinyTeX/texmf-dist/tex/latex/inconsolata/zi4.sty `inconsolata-zi4' v1.12, 2019/05/17 Text macros for Inconsolata (msharpe) (/Users/clairedonnat/Library/TinyTeX/texmf-dist/tex/latex/xkeyval/xkeyval.sty (/Users/clairedonnat/Library/TinyTeX/texmf-dist/tex/generic/xkeyval/xkeyval.tex (/Users/clairedonnat/Library/TinyTeX/texmf-dist/tex/generic/xkeyval/xkvutils.tex (/Users/clairedonnat/Library/TinyTeX/texmf-dist/tex/generic/xkeyval/keyval.tex))))) (/Users/clairedonnat/Library/TinyTeX/texmf-dist/tex/latex/graphics/color.sty (/Users/clairedonnat/Library/TinyTeX/texmf-dist/tex/latex/graphics-cfg/color.cfg) (/Users/clairedonnat/Library/TinyTeX/texmf-dist/tex/latex/graphics-def/pdftex.def) (/Users/clairedonnat/Library/TinyTeX/texmf-dist/tex/latex/graphics/mathcolor.ltx)) (/Users/clairedonnat/Library/TinyTeX/texmf-dist/tex/latex/hyperref/hyperref.sty (/Users/clairedonnat/Library/TinyTeX/texmf-dist/tex/latex/kvsetkeys/kvsetkeys.sty) (/Users/clairedonnat/Library/TinyTeX/texmf-dist/tex/generic/kvdefinekeys/kvdefinekeys.sty) (/Users/clairedonnat/Library/TinyTeX/texmf-dist/tex/generic/pdfescape/pdfescape.sty (/Users/clairedonnat/Library/TinyTeX/texmf-dist/tex/generic/ltxcmds/ltxcmds.sty) (/Users/clairedonnat/Library/TinyTeX/texmf-dist/tex/generic/pdftexcmds/pdftexcmds.sty (/Users/clairedonnat/Library/TinyTeX/texmf-dist/tex/generic/infwarerr/infwarerr.sty))) (/Users/clairedonnat/Library/TinyTeX/texmf-dist/tex/latex/hycolor/hycolor.sty) (/Users/clairedonnat/Library/TinyTeX/texmf-dist/tex/latex/hyperref/nameref.sty (/Users/clairedonnat/Library/TinyTeX/texmf-dist/tex/latex/refcount/refcount.sty) (/Users/clairedonnat/Library/TinyTeX/texmf-dist/tex/generic/gettitlestring/gettitlestring.sty (/Users/clairedonnat/Library/TinyTeX/texmf-dist/tex/latex/kvoptions/kvoptions.sty))) (/Users/clairedonnat/Library/TinyTeX/texmf-dist/tex/latex/etoolbox/etoolbox.sty) (/Users/clairedonnat/Library/TinyTeX/texmf-dist/tex/generic/stringenc/stringenc.sty) (/Users/clairedonnat/Library/TinyTeX/texmf-dist/tex/latex/hyperref/pd1enc.def) (/Users/clairedonnat/Library/TinyTeX/texmf-dist/tex/generic/intcalc/intcalc.sty) (/Users/clairedonnat/Library/TinyTeX/texmf-dist/tex/latex/hyperref/puenc.def) (/Users/clairedonnat/Library/TinyTeX/texmf-dist/tex/generic/bitset/bitset.sty (/Users/clairedonnat/Library/TinyTeX/texmf-dist/tex/generic/bigintcalc/bigintcalc.sty))) (/Users/clairedonnat/Library/TinyTeX/texmf-dist/tex/latex/hyperref/hpdftex.def (/Users/clairedonnat/Library/TinyTeX/texmf-dist/tex/latex/rerunfilecheck/rerunfilecheck.sty (/Users/clairedonnat/Library/TinyTeX/texmf-dist/tex/generic/uniquecounter/uniquecounter.sty)))) (/Users/clairedonnat/Library/TinyTeX/texmf-dist/tex/latex/base/makeidx.sty)
Writing index file Rd2.idx
(/Users/clairedonnat/Library/TinyTeX/texmf-dist/tex/latex/psnfss/t1ptm.fd) (/Users/clairedonnat/Library/TinyTeX/texmf-dist/tex/latex/l3backend/l3backend-pdftex.def) (/private/var/folders/xn/w41582812cd5l2xhjhwk9tzh0000gn/T/Rtmp9OSqle/Rd2pdfd784445f24d1/Rd2.aux) (/private/var/folders/xn/w41582812cd5l2xhjhwk9tzh0000gn/T/Rtmp9OSqle/Rd2pdfd784445f24d1/Rd2.out) (/private/var/folders/xn/w41582812cd5l2xhjhwk9tzh0000gn/T/Rtmp9OSqle/Rd2pdfd784445f24d1/Rd2.out) (/Users/clairedonnat/Library/TinyTeX/texmf-dist/tex/latex/inconsolata/t1zi4.fd) (/Users/clairedonnat/Library/TinyTeX/texmf-dist/tex/latex/amsfonts/umsa.fd) (/Users/clairedonnat/Library/TinyTeX/texmf-dist/tex/latex/amsfonts/umsb.fd) (/private/var/folders/xn/w41582812cd5l2xhjhwk9tzh0000gn/T/Rtmp9OSqle/Rd2pdfd784445f24d1/Rd2.toc
[1{/Users/clairedonnat/Library/TinyTeX/texmf-var/fonts/map/pdftex/updmap/pdftex.map}{/Users/clairedonnat/Library/TinyTeX/texmf-dist/fonts/enc/dvips/base/8r.enc}{/Users/clairedonnat/Library/TinyTeX/texmf-dist/fonts/enc/dvips/inconsolata/i4-t1-0.enc}]) (/Users/clairedonnat/Library/TinyTeX/texmf-dist/tex/latex/psnfss/ts1ptm.fd)
[2]
Overfull \hbox (6.60759pt too wide) in paragraph at lines 109--110
[]\T1/ptm/m/n/10 Backward-compatible pre-pro-cess-ing flag: TRUE = []\T1/zi4/m/n/10 "scale"[]\T1/ptm/m/n/10 , FALSE = []\T1/zi4/m/n/10 "center"[]\T1/ptm/m/n/10 . 

[3]
[4]
Overfull \hbox (6.60759pt too wide) in paragraph at lines 190--191
[]\T1/ptm/m/n/10 Backward-compatible pre-pro-cess-ing flag: TRUE = []\T1/zi4/m/n/10 "scale"[]\T1/ptm/m/n/10 , FALSE = []\T1/zi4/m/n/10 "center"[]\T1/ptm/m/n/10 . 

[5]
Overfull \hbox (6.60759pt too wide) in paragraph at lines 286--287
[]\T1/ptm/m/n/10 Backward-compatible pre-pro-cess-ing flag: TRUE = []\T1/zi4/m/n/10 "scale"[]\T1/ptm/m/n/10 , FALSE = []\T1/zi4/m/n/10 "center"[]\T1/ptm/m/n/10 . 

[6]
Overfull \hbox (4.318pt too wide) in paragraph at lines 303--304
[]\T1/ptm/m/n/10 For ADMM: when both []\T1/zi4/m/n/10 n []\T1/ptm/m/n/10 and []\T1/zi4/m/n/10 p []\T1/ptm/m/n/10 are at least this value, use a matrix-free conjugate-

[7]
Overfull \hbox (6.60759pt too wide) in paragraph at lines 376--377
[]\T1/ptm/m/n/10 Backward-compatible pre-pro-cess-ing flag: TRUE = []\T1/zi4/m/n/10 "scale"[]\T1/ptm/m/n/10 , FALSE = []\T1/zi4/m/n/10 "center"[]\T1/ptm/m/n/10 . 

Overfull \hbox (4.318pt too wide) in paragraph at lines 393--394
[]\T1/ptm/m/n/10 For ADMM: when both []\T1/zi4/m/n/10 n []\T1/ptm/m/n/10 and []\T1/zi4/m/n/10 p []\T1/ptm/m/n/10 are at least this value, use a matrix-free conjugate-

[8]
[9]
Overfull \hbox (6.60759pt too wide) in paragraph at lines 491--492
[]\T1/ptm/m/n/10 Backward-compatible pre-pro-cess-ing flag: TRUE = []\T1/zi4/m/n/10 "scale"[]\T1/ptm/m/n/10 , FALSE = []\T1/zi4/m/n/10 "center"[]\T1/ptm/m/n/10 . 

Overfull \hbox (4.318pt too wide) in paragraph at lines 504--505
[]\T1/ptm/m/n/10 For ADMM: when both []\T1/zi4/m/n/10 n []\T1/ptm/m/n/10 and []\T1/zi4/m/n/10 p []\T1/ptm/m/n/10 are at least this value, use a matrix-free conjugate-

[10]
[11]
Overfull \hbox (6.60759pt too wide) in paragraph at lines 589--590
[]\T1/ptm/m/n/10 Backward-compatible pre-pro-cess-ing flag: TRUE = []\T1/zi4/m/n/10 "scale"[]\T1/ptm/m/n/10 , FALSE = []\T1/zi4/m/n/10 "center"[]\T1/ptm/m/n/10 . 

Overfull \hbox (4.318pt too wide) in paragraph at lines 605--606
[]\T1/ptm/m/n/10 For ADMM: when both []\T1/zi4/m/n/10 n []\T1/ptm/m/n/10 and [

This is pdfTeX, Version 3.141592653-2.6-1.40.28 (TeX Live 2025) (preloaded format=pdflatex)
 restricted \write18 enabled.
entering extended mode
LaTeX2e <2025-06-01> patch level 1
L3 programming layer <2025-08-13>
(./Rd2.tex
(/Users/clairedonnat/Library/TinyTeX/texmf-dist/tex/latex/base/book.cls
Document Class: book 2025/01/22 v1.4n Standard LaTeX document class
(/Users/clairedonnat/Library/TinyTeX/texmf-dist/tex/latex/base/bk10.clo)) (/Library/Frameworks/R.framework/Resources/share/texmf/tex/latex/Rd.sty (/Users/clairedonnat/Library/TinyTeX/texmf-dist/tex/latex/base/ifthen.sty) (/Users/clairedonnat/Library/TinyTeX/texmf-dist/tex/generic/iftex/iftex.sty) (/Users/clairedonnat/Library/TinyTeX/texmf-dist/tex/latex/tools/longtable.sty) (/Users/clairedonnat/Library/TinyTeX/texmf-dist/tex/latex/tools/bm.sty) (/Users/clairedonnat/Library/TinyTeX/texmf-dist/tex/latex/base/alltt.sty) (/Users/clairedonnat/Library/TinyTeX/texmf-dist/tex/latex/tools/verbatim.sty) (/Users/clairedonnat/Library/TinyTeX/texmf-dist/tex/latex/url/url.sty) (/Users/clairedonnat/Library/TinyTeX/texmf-dist/tex/latex/base/textcomp.sty) (/Users/clairedonnat/Library/TinyTeX/texmf-dist/tex/latex/amsmath/amsmath.sty
For additional information on amsmath, use the `?' option.
(/Users/clairedonnat/Library/TinyTeX/texmf-dist/tex/latex/amsmath/amstext.sty (/Users/clairedonnat/Library/TinyTeX/texmf-dist/tex/latex/amsmath/amsgen.sty)) (/Users/clairedonnat/Library/TinyTeX/texmf-dist/tex/latex/amsmath/amsbsy.sty) (/Users/clairedonnat/Library/TinyTeX/texmf-dist/tex/latex/amsmath/amsopn.sty)) (/Users/clairedonnat/Library/TinyTeX/texmf-dist/tex/latex/amsfonts/amsfonts.sty) (/Users/clairedonnat/Library/TinyTeX/texmf-dist/tex/latex/amsfonts/amssymb.sty) (/Users/clairedonnat/Library/TinyTeX/texmf-dist/tex/latex/amsfonts/eucal.sty) (/Users/clairedonnat/Library/TinyTeX/texmf-dist/tex/latex/base/fontenc.sty) (/Users/clairedonnat/Library/TinyTeX/texmf-dist/tex/latex/psnfss/times.sty) (/Users/clairedonnat/Library/TinyTeX/texmf-dist/tex/latex/inconsolata/zi4.sty `inconsolata-zi4' v1.12, 2019/05/17 Text macros for Inconsolata (msharpe) (/Users/clairedonnat/Library/TinyTeX/texmf-dist/tex/latex/xkeyval/xkeyval.sty (/Users/clairedonnat/Library/TinyTeX/texmf-dist/tex/generic/xkeyval/xkeyval.tex (/Users/clairedonnat/Library/TinyTeX/texmf-dist/tex/generic/xkeyval/xkvutils.tex (/Users/clairedonnat/Library/TinyTeX/texmf-dist/tex/generic/xkeyval/keyval.tex))))) (/Users/clairedonnat/Library/TinyTeX/texmf-dist/tex/latex/graphics/color.sty (/Users/clairedonnat/Library/TinyTeX/texmf-dist/tex/latex/graphics-cfg/color.cfg) (/Users/clairedonnat/Library/TinyTeX/texmf-dist/tex/latex/graphics-def/pdftex.def) (/Users/clairedonnat/Library/TinyTeX/texmf-dist/tex/latex/graphics/mathcolor.ltx)) (/Users/clairedonnat/Library/TinyTeX/texmf-dist/tex/latex/hyperref/hyperref.sty (/Users/clairedonnat/Library/TinyTeX/texmf-dist/tex/latex/kvsetkeys/kvsetkeys.sty) (/Users/clairedonnat/Library/TinyTeX/texmf-dist/tex/generic/kvdefinekeys/kvdefinekeys.sty) (/Users/clairedonnat/Library/TinyTeX/texmf-dist/tex/generic/pdfescape/pdfescape.sty (/Users/clairedonnat/Library/TinyTeX/texmf-dist/tex/generic/ltxcmds/ltxcmds.sty) (/Users/clairedonnat/Library/TinyTeX/texmf-dist/tex/generic/pdftexcmds/pdftexcmds.sty (/Users/clairedonnat/Library/TinyTeX/texmf-dist/tex/generic/infwarerr/infwarerr.sty))) (/Users/clairedonnat/Library/TinyTeX/texmf-dist/tex/latex/hycolor/hycolor.sty) (/Users/clairedonnat/Library/TinyTeX/texmf-dist/tex/latex/hyperref/nameref.sty (/Users/clairedonnat/Library/TinyTeX/texmf-dist/tex/latex/refcount/refcount.sty) (/Users/clairedonnat/Library/TinyTeX/texmf-dist/tex/generic/gettitlestring/gettitlestring.sty (/Users/clairedonnat/Library/TinyTeX/texmf-dist/tex/latex/kvoptions/kvoptions.sty))) (/Users/clairedonnat/Library/TinyTeX/texmf-dist/tex/latex/etoolbox/etoolbox.sty) (/Users/clairedonnat/Library/TinyTeX/texmf-dist/tex/generic/stringenc/stringenc.sty) (/Users/clairedonnat/Library/TinyTeX/texmf-dist/tex/latex/hyperref/pd1enc.def) (/Users/clairedonnat/Library/TinyTeX/texmf-dist/tex/generic/intcalc/intcalc.sty) (/Users/clairedonnat/Library/TinyTeX/texmf-dist/tex/latex/hyperref/puenc.def) (/Users/clairedonnat/Library/TinyTeX/texmf-dist/tex/generic/bitset/bitset.sty (/Users/clairedonnat/Library/TinyTeX/texmf-dist/tex/generic/bigintcalc/bigintcalc.sty))) (/Users/clairedonnat/Library/TinyTeX/texmf-dist/tex/latex/hyperref/hpdftex.def (/Users/clairedonnat/Library/TinyTeX/texmf-dist/tex/latex/rerunfilecheck/rerunfilecheck.sty (/Users/clairedonnat/Library/TinyTeX/texmf-dist/tex/generic/uniquecounter/uniquecounter.sty)))) (/Users/clairedonnat/Library/TinyTeX/texmf-dist/tex/latex/base/makeidx.sty)
Writing index file Rd2.idx
(/Users/clairedonnat/Library/TinyTeX/texmf-dist/tex/latex/psnfss/t1ptm.fd) (/Users/clairedonnat/Library/TinyTeX/texmf-dist/tex/latex/l3backend/l3backend-pdftex.def) (/private/var/folders/xn/w41582812cd5l2xhjhwk9tzh0000gn/T/Rtmp9OSqle/Rd2pdfd784445f24d1/Rd2.aux) (/private/var/folders/xn/w41582812cd5l2xhjhwk9tzh0000gn/T/Rtmp9OSqle/Rd2pdfd784445f24d1/Rd2.out) (/private/var/folders/xn/w41582812cd5l2xhjhwk9tzh0000gn/T/Rtmp9OSqle/Rd2pdfd784445f24d1/Rd2.out) (/Users/clairedonnat/Library/TinyTeX/texmf-dist/tex/latex/inconsolata/t1zi4.fd) (/Users/clairedonnat/Library/TinyTeX/texmf-dist/tex/latex/amsfonts/umsa.fd) (/Users/clairedonnat/Library/TinyTeX/texmf-dist/tex/latex/amsfonts/umsb.fd) (/private/var/folders/xn/w41582812cd5l2xhjhwk9tzh0000gn/T/Rtmp9OSqle/Rd2pdfd784445f24d1/Rd2.toc
[1{/Users/clairedonnat/Library/TinyTeX/texmf-var/fonts/map/pdftex/updmap/pdftex.map}{/Users/clairedonnat/Library/TinyTeX/texmf-dist/fonts/enc/dvips/base/8r.enc}{/Users/clairedonnat/Library/TinyTeX/texmf-dist/fonts/enc/dvips/inconsolata/i4-t1-0.enc}]) (/Users/clairedonnat/Library/TinyTeX/texmf-dist/tex/latex/psnfss/ts1ptm.fd)
[2]
Overfull \hbox (6.60759pt too wide) in paragraph at lines 109--110
[]\T1/ptm/m/n/10 Backward-compatible pre-pro-cess-ing flag: TRUE = []\T1/zi4/m/n/10 "scale"[]\T1/ptm/m/n/10 , FALSE = []\T1/zi4/m/n/10 "center"[]\T1/ptm/m/n/10 . 

[3]
[4]
Overfull \hbox (6.60759pt too wide) in paragraph at lines 190--191
[]\T1/ptm/m/n/10 Backward-compatible pre-pro-cess-ing flag: TRUE = []\T1/zi4/m/n/10 "scale"[]\T1/ptm/m/n/10 , FALSE = []\T1/zi4/m/n/10 "center"[]\T1/ptm/m/n/10 . 

[5]
Overfull \hbox (6.60759pt too wide) in paragraph at lines 286--287
[]\T1/ptm/m/n/10 Backward-compatible pre-pro-cess-ing flag: TRUE = []\T1/zi4/m/n/10 "scale"[]\T1/ptm/m/n/10 , FALSE = []\T1/zi4/m/n/10 "center"[]\T1/ptm/m/n/10 . 

[6]
Overfull \hbox (4.318pt too wide) in paragraph at lines 303--304
[]\T1/ptm/m/n/10 For ADMM: when both []\T1/zi4/m/n/10 n []\T1/ptm/m/n/10 and []\T1/zi4/m/n/10 p []\T1/ptm/m/n/10 are at least this value, use a matrix-free conjugate-

[7]
Overfull \hbox (6.60759pt too wide) in paragraph at lines 376--377
[]\T1/ptm/m/n/10 Backward-compatible pre-pro-cess-ing flag: TRUE = []\T1/zi4/m/n/10 "scale"[]\T1/ptm/m/n/10 , FALSE = []\T1/zi4/m/n/10 "center"[]\T1/ptm/m/n/10 . 

Overfull \hbox (4.318pt too wide) in paragraph at lines 393--394
[]\T1/ptm/m/n/10 For ADMM: when both []\T1/zi4/m/n/10 n []\T1/ptm/m/n/10 and []\T1/zi4/m/n/10 p []\T1/ptm/m/n/10 are at least this value, use a matrix-free conjugate-

[8]
[9]
Overfull \hbox (6.60759pt too wide) in paragraph at lines 491--492
[]\T1/ptm/m/n/10 Backward-compatible pre-pro-cess-ing flag: TRUE = []\T1/zi4/m/n/10 "scale"[]\T1/ptm/m/n/10 , FALSE = []\T1/zi4/m/n/10 "center"[]\T1/ptm/m/n/10 . 

Overfull \hbox (4.318pt too wide) in paragraph at lines 504--505
[]\T1/ptm/m/n/10 For ADMM: when both []\T1/zi4/m/n/10 n []\T1/ptm/m/n/10 and []\T1/zi4/m/n/10 p []\T1/ptm/m/n/10 are at least this value, use a matrix-free conjugate-

[10]
[11]
Overfull \hbox (6.60759pt too wide) in paragraph at lines 589--590
[]\T1/ptm/m/n/10 Backward-compatible pre-pro-cess-ing flag: TRUE = []\T1/zi4/m/n/10 "scale"[]\T1/ptm/m/n/10 , FALSE = []\T1/zi4/m/n/10 "center"[]\T1/ptm/m/n/10 . 

Overfull \hbox (4.318pt too wide) in paragraph at lines 605--606
[]\T1/ptm/m/n/10 For ADMM: when both []\T1/zi4/m/n/10 n []\T1/ptm/m/n/10 and []\T1/zi4/m/n/10 p []\T1/ptm/m/n/10 are at least this value, use a matrix-free conjugate-

[12]
[13]
[14]
[15]
[16]
[17]
[18]
[19]
[20]
[21]
[22]
No file Rd2.ind.

[23] (/private/var/folders/xn/w41582812cd5l2xhjhwk9tzh0000gn/T/Rtmp9OSqle/Rd2pdfd784445f24d1/Rd2.aux) )
(see the transcript file for additional information)</Users/clairedonnat/Library/TinyTeX/texmf-dist/fonts/type1/public/inconsolata/Inconsolata-zi4r.pfb></Users/clairedonnat/Library/TinyTeX/texmf-dist/fonts/type1/urw/times/utmb8a.pfb></Users/clairedonnat/Library/TinyTeX/texmf-dist/fonts/type1/urw/times/utmr8a.pfb></Users/clairedonnat/Library/TinyTeX/texmf-dist/fonts/type1/urw/times/utmr8a.pfb></Users/clairedonnat/Library/TinyTeX/texmf-dist/fonts/type1/urw/times/utmri8a.pfb>
Output written on Rd2.pdf (23 pages, 126009 bytes).
Transcript written on Rd2.log.
Saving output to ‘ccar3-manual.pdf’ ...
Done
You may want to clean up by 'rm -Rf /var/folders/xn/w41582812cd5l2xhjhwk9tzh0000gn/T//Rtmp9OSqle/Rd2pdfd784445f24d1'
